Base path: 'D:/Program Files/Unity/2022.3.8f1/Editor/Data', plugins path 'D:/Program Files/Unity/2022.3.8f1/Editor/Data/PlaybackEngines'
Cmd: initializeCompiler

Cmd: compileComputeKernel
  insize=14340 file=Assets/Projects/Vector Flow Field/Scripts/Third Pass/FluidSimulation.compute kernel=VisualizeVectorField ppOnly=0 stripLineD=0 buildPlatform=19 km=<UNITY_VERSION=202238> pKW=UNITY_ENABLE_REFLECTION_BUFFERS UNITY_USE_DITHER_MASK_FOR_ALPHABLENDED_SHADOWS UNITY_PBS_USE_BRDF1 UNITY_SPECCUBE_BOX_PROJECTION UNITY_SPECCUBE_BLENDING UNITY_ENABLE_DETAIL_NORMALMAP SHADER_API_DESKTOP UNITY_COLORSPACE_GAMMA UNITY_LIGHT_PROBE_PROXY_VOLUME UNITY_LIGHTMAP_FULL_HDR uKW=SHADER_STAGE_COMPUTE platform=d3d11 flags=0 reqs=16385 forceDXC=0 forceFXC=0  error: 1 plat 4 at FluidSimulation.compute(395): signed/unsigned mismatch, unsigned assumed
  error: 1 plat 4 at FluidSimulation.compute(417): signed/unsigned mismatch, unsigned assumed
 ok=1 outsize=1708

Cmd: compileComputeKernel
  insize=14340 file=Assets/Projects/Vector Flow Field/Scripts/Third Pass/FluidSimulation.compute kernel=ApplySourcesAndSinks ppOnly=0 stripLineD=0 buildPlatform=19 km=<UNITY_VERSION=202238> pKW=UNITY_ENABLE_REFLECTION_BUFFERS UNITY_USE_DITHER_MASK_FOR_ALPHABLENDED_SHADOWS UNITY_PBS_USE_BRDF1 UNITY_SPECCUBE_BOX_PROJECTION UNITY_SPECCUBE_BLENDING UNITY_ENABLE_DETAIL_NORMALMAP SHADER_API_DESKTOP UNITY_COLORSPACE_GAMMA UNITY_LIGHT_PROBE_PROXY_VOLUME UNITY_LIGHTMAP_FULL_HDR uKW=SHADER_STAGE_COMPUTE platform=d3d11 flags=0 reqs=16385 forceDXC=0 forceFXC=0  error: 1 plat 4 at FluidSimulation.compute(395): signed/unsigned mismatch, unsigned assumed
  error: 1 plat 4 at FluidSimulation.compute(417): signed/unsigned mismatch, unsigned assumed
 ok=1 outsize=1291

Cmd: compileComputeKernel
  insize=14340 file=Assets/Projects/Vector Flow Field/Scripts/Third Pass/FluidSimulation.compute kernel=ApplyBoundaries ppOnly=0 stripLineD=0 buildPlatform=19 km=<UNITY_VERSION=202238> pKW=UNITY_ENABLE_REFLECTION_BUFFERS UNITY_USE_DITHER_MASK_FOR_ALPHABLENDED_SHADOWS UNITY_PBS_USE_BRDF1 UNITY_SPECCUBE_BOX_PROJECTION UNITY_SPECCUBE_BLENDING UNITY_ENABLE_DETAIL_NORMALMAP SHADER_API_DESKTOP UNITY_COLORSPACE_GAMMA UNITY_LIGHT_PROBE_PROXY_VOLUME UNITY_LIGHTMAP_FULL_HDR uKW=SHADER_STAGE_COMPUTE platform=d3d11 flags=0 reqs=16385 forceDXC=0 forceFXC=0  error: 1 plat 4 at FluidSimulation.compute(395): signed/unsigned mismatch, unsigned assumed
  error: 1 plat 4 at FluidSimulation.compute(417): signed/unsigned mismatch, unsigned assumed
 ok=1 outsize=3875

Cmd: compileComputeKernel
  insize=14340 file=Assets/Projects/Vector Flow Field/Scripts/Third Pass/FluidSimulation.compute kernel=PressureGradient ppOnly=0 stripLineD=0 buildPlatform=19 km=<UNITY_VERSION=202238> pKW=UNITY_ENABLE_REFLECTION_BUFFERS UNITY_USE_DITHER_MASK_FOR_ALPHABLENDED_SHADOWS UNITY_PBS_USE_BRDF1 UNITY_SPECCUBE_BOX_PROJECTION UNITY_SPECCUBE_BLENDING UNITY_ENABLE_DETAIL_NORMALMAP SHADER_API_DESKTOP UNITY_COLORSPACE_GAMMA UNITY_LIGHT_PROBE_PROXY_VOLUME UNITY_LIGHTMAP_FULL_HDR uKW=SHADER_STAGE_COMPUTE platform=d3d11 flags=0 reqs=16385 forceDXC=0 forceFXC=0  error: 1 plat 4 at FluidSimulation.compute(395): signed/unsigned mismatch, unsigned assumed
  error: 1 plat 4 at FluidSimulation.compute(417): signed/unsigned mismatch, unsigned assumed
 ok=1 outsize=1986

Cmd: compileComputeKernel
  insize=14340 file=Assets/Projects/Vector Flow Field/Scripts/Third Pass/FluidSimulation.compute kernel=PressureSolveMulti ppOnly=0 stripLineD=0 buildPlatform=19 km=<UNITY_VERSION=202238> pKW=UNITY_ENABLE_REFLECTION_BUFFERS UNITY_USE_DITHER_MASK_FOR_ALPHABLENDED_SHADOWS UNITY_PBS_USE_BRDF1 UNITY_SPECCUBE_BOX_PROJECTION UNITY_SPECCUBE_BLENDING UNITY_ENABLE_DETAIL_NORMALMAP SHADER_API_DESKTOP UNITY_COLORSPACE_GAMMA UNITY_LIGHT_PROBE_PROXY_VOLUME UNITY_LIGHTMAP_FULL_HDR uKW=SHADER_STAGE_COMPUTE platform=d3d11 flags=0 reqs=16385 forceDXC=0 forceFXC=0  error: 1 plat 4 at FluidSimulation.compute(395): signed/unsigned mismatch, unsigned assumed
  error: 1 plat 4 at FluidSimulation.compute(417): signed/unsigned mismatch, unsigned assumed
 ok=1 outsize=2677

Cmd: compileComputeKernel
  insize=14340 file=Assets/Projects/Vector Flow Field/Scripts/Third Pass/FluidSimulation.compute kernel=PressureSolve ppOnly=0 stripLineD=0 buildPlatform=19 km=<UNITY_VERSION=202238> pKW=UNITY_ENABLE_REFLECTION_BUFFERS UNITY_USE_DITHER_MASK_FOR_ALPHABLENDED_SHADOWS UNITY_PBS_USE_BRDF1 UNITY_SPECCUBE_BOX_PROJECTION UNITY_SPECCUBE_BLENDING UNITY_ENABLE_DETAIL_NORMALMAP SHADER_API_DESKTOP UNITY_COLORSPACE_GAMMA UNITY_LIGHT_PROBE_PROXY_VOLUME UNITY_LIGHTMAP_FULL_HDR uKW=SHADER_STAGE_COMPUTE platform=d3d11 flags=0 reqs=16385 forceDXC=0 forceFXC=0  error: 1 plat 4 at FluidSimulation.compute(395): signed/unsigned mismatch, unsigned assumed
  error: 1 plat 4 at FluidSimulation.compute(417): signed/unsigned mismatch, unsigned assumed
 ok=1 outsize=2013

Cmd: compileComputeKernel
  insize=14340 file=Assets/Projects/Vector Flow Field/Scripts/Third Pass/FluidSimulation.compute kernel=Divergence ppOnly=0 stripLineD=0 buildPlatform=19 km=<UNITY_VERSION=202238> pKW=UNITY_ENABLE_REFLECTION_BUFFERS UNITY_USE_DITHER_MASK_FOR_ALPHABLENDED_SHADOWS UNITY_PBS_USE_BRDF1 UNITY_SPECCUBE_BOX_PROJECTION UNITY_SPECCUBE_BLENDING UNITY_ENABLE_DETAIL_NORMALMAP SHADER_API_DESKTOP UNITY_COLORSPACE_GAMMA UNITY_LIGHT_PROBE_PROXY_VOLUME UNITY_LIGHTMAP_FULL_HDR uKW=SHADER_STAGE_COMPUTE platform=d3d11 flags=0 reqs=16385 forceDXC=0 forceFXC=0  error: 1 plat 4 at FluidSimulation.compute(395): signed/unsigned mismatch, unsigned assumed
  error: 1 plat 4 at FluidSimulation.compute(417): signed/unsigned mismatch, unsigned assumed
 ok=1 outsize=1894

Cmd: compileComputeKernel
  insize=14340 file=Assets/Projects/Vector Flow Field/Scripts/Third Pass/FluidSimulation.compute kernel=Advection ppOnly=0 stripLineD=0 buildPlatform=19 km=<UNITY_VERSION=202238> pKW=UNITY_ENABLE_REFLECTION_BUFFERS UNITY_USE_DITHER_MASK_FOR_ALPHABLENDED_SHADOWS UNITY_PBS_USE_BRDF1 UNITY_SPECCUBE_BOX_PROJECTION UNITY_SPECCUBE_BLENDING UNITY_ENABLE_DETAIL_NORMALMAP SHADER_API_DESKTOP UNITY_COLORSPACE_GAMMA UNITY_LIGHT_PROBE_PROXY_VOLUME UNITY_LIGHTMAP_FULL_HDR uKW=SHADER_STAGE_COMPUTE platform=d3d11 flags=0 reqs=16385 forceDXC=0 forceFXC=0  error: 1 plat 4 at FluidSimulation.compute(395): signed/unsigned mismatch, unsigned assumed
  error: 1 plat 4 at FluidSimulation.compute(417): signed/unsigned mismatch, unsigned assumed
 ok=1 outsize=2402

Cmd: compileComputeKernel
  insize=18185 file=Assets/Projects/Vector Flow Field/Scripts/Third Pass/FluidSimulation.compute kernel=VisualizeVectorField ppOnly=0 stripLineD=0 buildPlatform=19 km=<UNITY_VERSION=202238> pKW=UNITY_ENABLE_REFLECTION_BUFFERS UNITY_USE_DITHER_MASK_FOR_ALPHABLENDED_SHADOWS UNITY_PBS_USE_BRDF1 UNITY_SPECCUBE_BOX_PROJECTION UNITY_SPECCUBE_BLENDING UNITY_ENABLE_DETAIL_NORMALMAP SHADER_API_DESKTOP UNITY_COLORSPACE_GAMMA UNITY_LIGHT_PROBE_PROXY_VOLUME UNITY_LIGHTMAP_FULL_HDR uKW=SHADER_STAGE_COMPUTE platform=d3d11 flags=0 reqs=16385 forceDXC=0 forceFXC=0  error: 1 plat 4 at FluidSimulation.compute(499): signed/unsigned mismatch, unsigned assumed
  error: 1 plat 4 at FluidSimulation.compute(521): signed/unsigned mismatch, unsigned assumed
 ok=1 outsize=1708

Cmd: compileComputeKernel
  insize=18185 file=Assets/Projects/Vector Flow Field/Scripts/Third Pass/FluidSimulation.compute kernel=ApplySourcesAndSinks ppOnly=0 stripLineD=0 buildPlatform=19 km=<UNITY_VERSION=202238> pKW=UNITY_ENABLE_REFLECTION_BUFFERS UNITY_USE_DITHER_MASK_FOR_ALPHABLENDED_SHADOWS UNITY_PBS_USE_BRDF1 UNITY_SPECCUBE_BOX_PROJECTION UNITY_SPECCUBE_BLENDING UNITY_ENABLE_DETAIL_NORMALMAP SHADER_API_DESKTOP UNITY_COLORSPACE_GAMMA UNITY_LIGHT_PROBE_PROXY_VOLUME UNITY_LIGHTMAP_FULL_HDR uKW=SHADER_STAGE_COMPUTE platform=d3d11 flags=0 reqs=16385 forceDXC=0 forceFXC=0  error: 1 plat 4 at FluidSimulation.compute(499): signed/unsigned mismatch, unsigned assumed
  error: 1 plat 4 at FluidSimulation.compute(521): signed/unsigned mismatch, unsigned assumed
 ok=1 outsize=1291

Cmd: compileComputeKernel
  insize=18185 file=Assets/Projects/Vector Flow Field/Scripts/Third Pass/FluidSimulation.compute kernel=ApplyBoundaries ppOnly=0 stripLineD=0 buildPlatform=19 km=<UNITY_VERSION=202238> pKW=UNITY_ENABLE_REFLECTION_BUFFERS UNITY_USE_DITHER_MASK_FOR_ALPHABLENDED_SHADOWS UNITY_PBS_USE_BRDF1 UNITY_SPECCUBE_BOX_PROJECTION UNITY_SPECCUBE_BLENDING UNITY_ENABLE_DETAIL_NORMALMAP SHADER_API_DESKTOP UNITY_COLORSPACE_GAMMA UNITY_LIGHT_PROBE_PROXY_VOLUME UNITY_LIGHTMAP_FULL_HDR uKW=SHADER_STAGE_COMPUTE platform=d3d11 flags=0 reqs=16385 forceDXC=0 forceFXC=0  error: 1 plat 4 at FluidSimulation.compute(499): signed/unsigned mismatch, unsigned assumed
  error: 1 plat 4 at FluidSimulation.compute(521): signed/unsigned mismatch, unsigned assumed
 ok=1 outsize=3875

Cmd: compileComputeKernel
  insize=18185 file=Assets/Projects/Vector Flow Field/Scripts/Third Pass/FluidSimulation.compute kernel=PressureGradient ppOnly=0 stripLineD=0 buildPlatform=19 km=<UNITY_VERSION=202238> pKW=UNITY_ENABLE_REFLECTION_BUFFERS UNITY_USE_DITHER_MASK_FOR_ALPHABLENDED_SHADOWS UNITY_PBS_USE_BRDF1 UNITY_SPECCUBE_BOX_PROJECTION UNITY_SPECCUBE_BLENDING UNITY_ENABLE_DETAIL_NORMALMAP SHADER_API_DESKTOP UNITY_COLORSPACE_GAMMA UNITY_LIGHT_PROBE_PROXY_VOLUME UNITY_LIGHTMAP_FULL_HDR uKW=SHADER_STAGE_COMPUTE platform=d3d11 flags=0 reqs=16385 forceDXC=0 forceFXC=0  error: 1 plat 4 at FluidSimulation.compute(499): signed/unsigned mismatch, unsigned assumed
  error: 1 plat 4 at FluidSimulation.compute(521): signed/unsigned mismatch, unsigned assumed
 ok=1 outsize=7822

Cmd: compileComputeKernel
  insize=18185 file=Assets/Projects/Vector Flow Field/Scripts/Third Pass/FluidSimulation.compute kernel=PressureSolveMulti ppOnly=0 stripLineD=0 buildPlatform=19 km=<UNITY_VERSION=202238> pKW=UNITY_ENABLE_REFLECTION_BUFFERS UNITY_USE_DITHER_MASK_FOR_ALPHABLENDED_SHADOWS UNITY_PBS_USE_BRDF1 UNITY_SPECCUBE_BOX_PROJECTION UNITY_SPECCUBE_BLENDING UNITY_ENABLE_DETAIL_NORMALMAP SHADER_API_DESKTOP UNITY_COLORSPACE_GAMMA UNITY_LIGHT_PROBE_PROXY_VOLUME UNITY_LIGHTMAP_FULL_HDR uKW=SHADER_STAGE_COMPUTE platform=d3d11 flags=0 reqs=16385 forceDXC=0 forceFXC=0  error: 1 plat 4 at FluidSimulation.compute(499): signed/unsigned mismatch, unsigned assumed
  error: 1 plat 4 at FluidSimulation.compute(521): signed/unsigned mismatch, unsigned assumed
 ok=1 outsize=2677

Cmd: compileComputeKernel
  insize=18185 file=Assets/Projects/Vector Flow Field/Scripts/Third Pass/FluidSimulation.compute kernel=PressureSolve ppOnly=0 stripLineD=0 buildPlatform=19 km=<UNITY_VERSION=202238> pKW=UNITY_ENABLE_REFLECTION_BUFFERS UNITY_USE_DITHER_MASK_FOR_ALPHABLENDED_SHADOWS UNITY_PBS_USE_BRDF1 UNITY_SPECCUBE_BOX_PROJECTION UNITY_SPECCUBE_BLENDING UNITY_ENABLE_DETAIL_NORMALMAP SHADER_API_DESKTOP UNITY_COLORSPACE_GAMMA UNITY_LIGHT_PROBE_PROXY_VOLUME UNITY_LIGHTMAP_FULL_HDR uKW=SHADER_STAGE_COMPUTE platform=d3d11 flags=0 reqs=16385 forceDXC=0 forceFXC=0  error: 1 plat 4 at FluidSimulation.compute(499): signed/unsigned mismatch, unsigned assumed
  error: 1 plat 4 at FluidSimulation.compute(521): signed/unsigned mismatch, unsigned assumed
 ok=1 outsize=2013

Cmd: compileComputeKernel
  insize=18185 file=Assets/Projects/Vector Flow Field/Scripts/Third Pass/FluidSimulation.compute kernel=Divergence ppOnly=0 stripLineD=0 buildPlatform=19 km=<UNITY_VERSION=202238> pKW=UNITY_ENABLE_REFLECTION_BUFFERS UNITY_USE_DITHER_MASK_FOR_ALPHABLENDED_SHADOWS UNITY_PBS_USE_BRDF1 UNITY_SPECCUBE_BOX_PROJECTION UNITY_SPECCUBE_BLENDING UNITY_ENABLE_DETAIL_NORMALMAP SHADER_API_DESKTOP UNITY_COLORSPACE_GAMMA UNITY_LIGHT_PROBE_PROXY_VOLUME UNITY_LIGHTMAP_FULL_HDR uKW=SHADER_STAGE_COMPUTE platform=d3d11 flags=0 reqs=16385 forceDXC=0 forceFXC=0  error: 1 plat 4 at FluidSimulation.compute(499): signed/unsigned mismatch, unsigned assumed
  error: 1 plat 4 at FluidSimulation.compute(521): signed/unsigned mismatch, unsigned assumed
 ok=1 outsize=1894

Cmd: compileComputeKernel
  insize=18185 file=Assets/Projects/Vector Flow Field/Scripts/Third Pass/FluidSimulation.compute kernel=Advection ppOnly=0 stripLineD=0 buildPlatform=19 km=<UNITY_VERSION=202238> pKW=UNITY_ENABLE_REFLECTION_BUFFERS UNITY_USE_DITHER_MASK_FOR_ALPHABLENDED_SHADOWS UNITY_PBS_USE_BRDF1 UNITY_SPECCUBE_BOX_PROJECTION UNITY_SPECCUBE_BLENDING UNITY_ENABLE_DETAIL_NORMALMAP SHADER_API_DESKTOP UNITY_COLORSPACE_GAMMA UNITY_LIGHT_PROBE_PROXY_VOLUME UNITY_LIGHTMAP_FULL_HDR uKW=SHADER_STAGE_COMPUTE platform=d3d11 flags=0 reqs=16385 forceDXC=0 forceFXC=0  error: 1 plat 4 at FluidSimulation.compute(499): signed/unsigned mismatch, unsigned assumed
  error: 1 plat 4 at FluidSimulation.compute(521): signed/unsigned mismatch, unsigned assumed
 ok=1 outsize=2402

Cmd: compileComputeKernel
  insize=18373 file=Assets/Projects/Vector Flow Field/Scripts/Third Pass/FluidSimulation.compute kernel=VisualizeVectorField ppOnly=0 stripLineD=0 buildPlatform=19 km=<UNITY_VERSION=202238> pKW=UNITY_ENABLE_REFLECTION_BUFFERS UNITY_USE_DITHER_MASK_FOR_ALPHABLENDED_SHADOWS UNITY_PBS_USE_BRDF1 UNITY_SPECCUBE_BOX_PROJECTION UNITY_SPECCUBE_BLENDING UNITY_ENABLE_DETAIL_NORMALMAP SHADER_API_DESKTOP UNITY_COLORSPACE_GAMMA UNITY_LIGHT_PROBE_PROXY_VOLUME UNITY_LIGHTMAP_FULL_HDR uKW=SHADER_STAGE_COMPUTE platform=d3d11 flags=0 reqs=16385 forceDXC=0 forceFXC=0  error: 1 plat 4 at FluidSimulation.compute(499): signed/unsigned mismatch, unsigned assumed
  error: 1 plat 4 at FluidSimulation.compute(521): signed/unsigned mismatch, unsigned assumed
 ok=1 outsize=1708

Cmd: compileComputeKernel
  insize=18373 file=Assets/Projects/Vector Flow Field/Scripts/Third Pass/FluidSimulation.compute kernel=ApplySourcesAndSinks ppOnly=0 stripLineD=0 buildPlatform=19 km=<UNITY_VERSION=202238> pKW=UNITY_ENABLE_REFLECTION_BUFFERS UNITY_USE_DITHER_MASK_FOR_ALPHABLENDED_SHADOWS UNITY_PBS_USE_BRDF1 UNITY_SPECCUBE_BOX_PROJECTION UNITY_SPECCUBE_BLENDING UNITY_ENABLE_DETAIL_NORMALMAP SHADER_API_DESKTOP UNITY_COLORSPACE_GAMMA UNITY_LIGHT_PROBE_PROXY_VOLUME UNITY_LIGHTMAP_FULL_HDR uKW=SHADER_STAGE_COMPUTE platform=d3d11 flags=0 reqs=16385 forceDXC=0 forceFXC=0  error: 1 plat 4 at FluidSimulation.compute(499): signed/unsigned mismatch, unsigned assumed
  error: 1 plat 4 at FluidSimulation.compute(521): signed/unsigned mismatch, unsigned assumed
 ok=1 outsize=1291

Cmd: compileComputeKernel
  insize=18373 file=Assets/Projects/Vector Flow Field/Scripts/Third Pass/FluidSimulation.compute kernel=ApplyBoundaries ppOnly=0 stripLineD=0 buildPlatform=19 km=<UNITY_VERSION=202238> pKW=UNITY_ENABLE_REFLECTION_BUFFERS UNITY_USE_DITHER_MASK_FOR_ALPHABLENDED_SHADOWS UNITY_PBS_USE_BRDF1 UNITY_SPECCUBE_BOX_PROJECTION UNITY_SPECCUBE_BLENDING UNITY_ENABLE_DETAIL_NORMALMAP SHADER_API_DESKTOP UNITY_COLORSPACE_GAMMA UNITY_LIGHT_PROBE_PROXY_VOLUME UNITY_LIGHTMAP_FULL_HDR uKW=SHADER_STAGE_COMPUTE platform=d3d11 flags=0 reqs=16385 forceDXC=0 forceFXC=0  error: 1 plat 4 at FluidSimulation.compute(499): signed/unsigned mismatch, unsigned assumed
  error: 1 plat 4 at FluidSimulation.compute(521): signed/unsigned mismatch, unsigned assumed
 ok=1 outsize=3875

Cmd: compileComputeKernel
  insize=18373 file=Assets/Projects/Vector Flow Field/Scripts/Third Pass/FluidSimulation.compute kernel=PressureGradient ppOnly=0 stripLineD=0 buildPlatform=19 km=<UNITY_VERSION=202238> pKW=UNITY_ENABLE_REFLECTION_BUFFERS UNITY_USE_DITHER_MASK_FOR_ALPHABLENDED_SHADOWS UNITY_PBS_USE_BRDF1 UNITY_SPECCUBE_BOX_PROJECTION UNITY_SPECCUBE_BLENDING UNITY_ENABLE_DETAIL_NORMALMAP SHADER_API_DESKTOP UNITY_COLORSPACE_GAMMA UNITY_LIGHT_PROBE_PROXY_VOLUME UNITY_LIGHTMAP_FULL_HDR uKW=SHADER_STAGE_COMPUTE platform=d3d11 flags=0 reqs=16385 forceDXC=0 forceFXC=0  error: 1 plat 4 at FluidSimulation.compute(499): signed/unsigned mismatch, unsigned assumed
  error: 1 plat 4 at FluidSimulation.compute(521): signed/unsigned mismatch, unsigned assumed
 ok=1 outsize=7822

Cmd: compileComputeKernel
  insize=18373 file=Assets/Projects/Vector Flow Field/Scripts/Third Pass/FluidSimulation.compute kernel=PressureSolveMulti ppOnly=0 stripLineD=0 buildPlatform=19 km=<UNITY_VERSION=202238> pKW=UNITY_ENABLE_REFLECTION_BUFFERS UNITY_USE_DITHER_MASK_FOR_ALPHABLENDED_SHADOWS UNITY_PBS_USE_BRDF1 UNITY_SPECCUBE_BOX_PROJECTION UNITY_SPECCUBE_BLENDING UNITY_ENABLE_DETAIL_NORMALMAP SHADER_API_DESKTOP UNITY_COLORSPACE_GAMMA UNITY_LIGHT_PROBE_PROXY_VOLUME UNITY_LIGHTMAP_FULL_HDR uKW=SHADER_STAGE_COMPUTE platform=d3d11 flags=0 reqs=16385 forceDXC=0 forceFXC=0  error: 1 plat 4 at FluidSimulation.compute(499): signed/unsigned mismatch, unsigned assumed
  error: 1 plat 4 at FluidSimulation.compute(521): signed/unsigned mismatch, unsigned assumed
 ok=1 outsize=2677

Cmd: compileComputeKernel
  insize=18373 file=Assets/Projects/Vector Flow Field/Scripts/Third Pass/FluidSimulation.compute kernel=PressureSolve ppOnly=0 stripLineD=0 buildPlatform=19 km=<UNITY_VERSION=202238> pKW=UNITY_ENABLE_REFLECTION_BUFFERS UNITY_USE_DITHER_MASK_FOR_ALPHABLENDED_SHADOWS UNITY_PBS_USE_BRDF1 UNITY_SPECCUBE_BOX_PROJECTION UNITY_SPECCUBE_BLENDING UNITY_ENABLE_DETAIL_NORMALMAP SHADER_API_DESKTOP UNITY_COLORSPACE_GAMMA UNITY_LIGHT_PROBE_PROXY_VOLUME UNITY_LIGHTMAP_FULL_HDR uKW=SHADER_STAGE_COMPUTE platform=d3d11 flags=0 reqs=16385 forceDXC=0 forceFXC=0  error: 1 plat 4 at FluidSimulation.compute(499): signed/unsigned mismatch, unsigned assumed
  error: 1 plat 4 at FluidSimulation.compute(521): signed/unsigned mismatch, unsigned assumed
 ok=1 outsize=2013

Cmd: compileComputeKernel
  insize=18373 file=Assets/Projects/Vector Flow Field/Scripts/Third Pass/FluidSimulation.compute kernel=Divergence ppOnly=0 stripLineD=0 buildPlatform=19 km=<UNITY_VERSION=202238> pKW=UNITY_ENABLE_REFLECTION_BUFFERS UNITY_USE_DITHER_MASK_FOR_ALPHABLENDED_SHADOWS UNITY_PBS_USE_BRDF1 UNITY_SPECCUBE_BOX_PROJECTION UNITY_SPECCUBE_BLENDING UNITY_ENABLE_DETAIL_NORMALMAP SHADER_API_DESKTOP UNITY_COLORSPACE_GAMMA UNITY_LIGHT_PROBE_PROXY_VOLUME UNITY_LIGHTMAP_FULL_HDR uKW=SHADER_STAGE_COMPUTE platform=d3d11 flags=0 reqs=16385 forceDXC=0 forceFXC=0  error: 1 plat 4 at FluidSimulation.compute(499): signed/unsigned mismatch, unsigned assumed
  error: 1 plat 4 at FluidSimulation.compute(521): signed/unsigned mismatch, unsigned assumed
 ok=1 outsize=1894

Cmd: compileComputeKernel
  insize=18373 file=Assets/Projects/Vector Flow Field/Scripts/Third Pass/FluidSimulation.compute kernel=Advection ppOnly=0 stripLineD=0 buildPlatform=19 km=<UNITY_VERSION=202238> pKW=UNITY_ENABLE_REFLECTION_BUFFERS UNITY_USE_DITHER_MASK_FOR_ALPHABLENDED_SHADOWS UNITY_PBS_USE_BRDF1 UNITY_SPECCUBE_BOX_PROJECTION UNITY_SPECCUBE_BLENDING UNITY_ENABLE_DETAIL_NORMALMAP SHADER_API_DESKTOP UNITY_COLORSPACE_GAMMA UNITY_LIGHT_PROBE_PROXY_VOLUME UNITY_LIGHTMAP_FULL_HDR uKW=SHADER_STAGE_COMPUTE platform=d3d11 flags=0 reqs=16385 forceDXC=0 forceFXC=0  error: 1 plat 4 at FluidSimulation.compute(499): signed/unsigned mismatch, unsigned assumed
  error: 1 plat 4 at FluidSimulation.compute(521): signed/unsigned mismatch, unsigned assumed
 ok=1 outsize=2402

Cmd: compileComputeKernel
  insize=18380 file=Assets/Projects/Vector Flow Field/Scripts/Third Pass/FluidSimulation.compute kernel=VisualizeVectorField ppOnly=0 stripLineD=0 buildPlatform=19 km=<UNITY_VERSION=202238> pKW=UNITY_ENABLE_REFLECTION_BUFFERS UNITY_USE_DITHER_MASK_FOR_ALPHABLENDED_SHADOWS UNITY_PBS_USE_BRDF1 UNITY_SPECCUBE_BOX_PROJECTION UNITY_SPECCUBE_BLENDING UNITY_ENABLE_DETAIL_NORMALMAP SHADER_API_DESKTOP UNITY_COLORSPACE_GAMMA UNITY_LIGHT_PROBE_PROXY_VOLUME UNITY_LIGHTMAP_FULL_HDR uKW=SHADER_STAGE_COMPUTE platform=d3d11 flags=0 reqs=16385 forceDXC=0 forceFXC=0  error: 1 plat 4 at FluidSimulation.compute(521): signed/unsigned mismatch, unsigned assumed
 ok=1 outsize=1708

Cmd: compileComputeKernel
  insize=18380 file=Assets/Projects/Vector Flow Field/Scripts/Third Pass/FluidSimulation.compute kernel=ApplySourcesAndSinks ppOnly=0 stripLineD=0 buildPlatform=19 km=<UNITY_VERSION=202238> pKW=UNITY_ENABLE_REFLECTION_BUFFERS UNITY_USE_DITHER_MASK_FOR_ALPHABLENDED_SHADOWS UNITY_PBS_USE_BRDF1 UNITY_SPECCUBE_BOX_PROJECTION UNITY_SPECCUBE_BLENDING UNITY_ENABLE_DETAIL_NORMALMAP SHADER_API_DESKTOP UNITY_COLORSPACE_GAMMA UNITY_LIGHT_PROBE_PROXY_VOLUME UNITY_LIGHTMAP_FULL_HDR uKW=SHADER_STAGE_COMPUTE platform=d3d11 flags=0 reqs=16385 forceDXC=0 forceFXC=0  error: 1 plat 4 at FluidSimulation.compute(521): signed/unsigned mismatch, unsigned assumed
 ok=1 outsize=1291

Cmd: compileComputeKernel
  insize=18380 file=Assets/Projects/Vector Flow Field/Scripts/Third Pass/FluidSimulation.compute kernel=ApplyBoundaries ppOnly=0 stripLineD=0 buildPlatform=19 km=<UNITY_VERSION=202238> pKW=UNITY_ENABLE_REFLECTION_BUFFERS UNITY_USE_DITHER_MASK_FOR_ALPHABLENDED_SHADOWS UNITY_PBS_USE_BRDF1 UNITY_SPECCUBE_BOX_PROJECTION UNITY_SPECCUBE_BLENDING UNITY_ENABLE_DETAIL_NORMALMAP SHADER_API_DESKTOP UNITY_COLORSPACE_GAMMA UNITY_LIGHT_PROBE_PROXY_VOLUME UNITY_LIGHTMAP_FULL_HDR uKW=SHADER_STAGE_COMPUTE platform=d3d11 flags=0 reqs=16385 forceDXC=0 forceFXC=0  error: 1 plat 4 at FluidSimulation.compute(521): signed/unsigned mismatch, unsigned assumed
 ok=1 outsize=3875

Cmd: compileComputeKernel
  insize=18380 file=Assets/Projects/Vector Flow Field/Scripts/Third Pass/FluidSimulation.compute kernel=PressureGradient ppOnly=0 stripLineD=0 buildPlatform=19 km=<UNITY_VERSION=202238> pKW=UNITY_ENABLE_REFLECTION_BUFFERS UNITY_USE_DITHER_MASK_FOR_ALPHABLENDED_SHADOWS UNITY_PBS_USE_BRDF1 UNITY_SPECCUBE_BOX_PROJECTION UNITY_SPECCUBE_BLENDING UNITY_ENABLE_DETAIL_NORMALMAP SHADER_API_DESKTOP UNITY_COLORSPACE_GAMMA UNITY_LIGHT_PROBE_PROXY_VOLUME UNITY_LIGHTMAP_FULL_HDR uKW=SHADER_STAGE_COMPUTE platform=d3d11 flags=0 reqs=16385 forceDXC=0 forceFXC=0  error: 1 plat 4 at FluidSimulation.compute(521): signed/unsigned mismatch, unsigned assumed
 ok=1 outsize=7822

Cmd: compileComputeKernel
  insize=18380 file=Assets/Projects/Vector Flow Field/Scripts/Third Pass/FluidSimulation.compute kernel=PressureSolveMulti ppOnly=0 stripLineD=0 buildPlatform=19 km=<UNITY_VERSION=202238> pKW=UNITY_ENABLE_REFLECTION_BUFFERS UNITY_USE_DITHER_MASK_FOR_ALPHABLENDED_SHADOWS UNITY_PBS_USE_BRDF1 UNITY_SPECCUBE_BOX_PROJECTION UNITY_SPECCUBE_BLENDING UNITY_ENABLE_DETAIL_NORMALMAP SHADER_API_DESKTOP UNITY_COLORSPACE_GAMMA UNITY_LIGHT_PROBE_PROXY_VOLUME UNITY_LIGHTMAP_FULL_HDR uKW=SHADER_STAGE_COMPUTE platform=d3d11 flags=0 reqs=16385 forceDXC=0 forceFXC=0  error: 1 plat 4 at FluidSimulation.compute(521): signed/unsigned mismatch, unsigned assumed
 ok=1 outsize=2677

Cmd: compileComputeKernel
  insize=18380 file=Assets/Projects/Vector Flow Field/Scripts/Third Pass/FluidSimulation.compute kernel=PressureSolve ppOnly=0 stripLineD=0 buildPlatform=19 km=<UNITY_VERSION=202238> pKW=UNITY_ENABLE_REFLECTION_BUFFERS UNITY_USE_DITHER_MASK_FOR_ALPHABLENDED_SHADOWS UNITY_PBS_USE_BRDF1 UNITY_SPECCUBE_BOX_PROJECTION UNITY_SPECCUBE_BLENDING UNITY_ENABLE_DETAIL_NORMALMAP SHADER_API_DESKTOP UNITY_COLORSPACE_GAMMA UNITY_LIGHT_PROBE_PROXY_VOLUME UNITY_LIGHTMAP_FULL_HDR uKW=SHADER_STAGE_COMPUTE platform=d3d11 flags=0 reqs=16385 forceDXC=0 forceFXC=0  error: 1 plat 4 at FluidSimulation.compute(521): signed/unsigned mismatch, unsigned assumed
 ok=1 outsize=2013

Cmd: compileComputeKernel
  insize=18380 file=Assets/Projects/Vector Flow Field/Scripts/Third Pass/FluidSimulation.compute kernel=Divergence ppOnly=0 stripLineD=0 buildPlatform=19 km=<UNITY_VERSION=202238> pKW=UNITY_ENABLE_REFLECTION_BUFFERS UNITY_USE_DITHER_MASK_FOR_ALPHABLENDED_SHADOWS UNITY_PBS_USE_BRDF1 UNITY_SPECCUBE_BOX_PROJECTION UNITY_SPECCUBE_BLENDING UNITY_ENABLE_DETAIL_NORMALMAP SHADER_API_DESKTOP UNITY_COLORSPACE_GAMMA UNITY_LIGHT_PROBE_PROXY_VOLUME UNITY_LIGHTMAP_FULL_HDR uKW=SHADER_STAGE_COMPUTE platform=d3d11 flags=0 reqs=16385 forceDXC=0 forceFXC=0  error: 1 plat 4 at FluidSimulation.compute(521): signed/unsigned mismatch, unsigned assumed
 ok=1 outsize=1894

Cmd: compileComputeKernel
  insize=18380 file=Assets/Projects/Vector Flow Field/Scripts/Third Pass/FluidSimulation.compute kernel=Advection ppOnly=0 stripLineD=0 buildPlatform=19 km=<UNITY_VERSION=202238> pKW=UNITY_ENABLE_REFLECTION_BUFFERS UNITY_USE_DITHER_MASK_FOR_ALPHABLENDED_SHADOWS UNITY_PBS_USE_BRDF1 UNITY_SPECCUBE_BOX_PROJECTION UNITY_SPECCUBE_BLENDING UNITY_ENABLE_DETAIL_NORMALMAP SHADER_API_DESKTOP UNITY_COLORSPACE_GAMMA UNITY_LIGHT_PROBE_PROXY_VOLUME UNITY_LIGHTMAP_FULL_HDR uKW=SHADER_STAGE_COMPUTE platform=d3d11 flags=0 reqs=16385 forceDXC=0 forceFXC=0  error: 1 plat 4 at FluidSimulation.compute(521): signed/unsigned mismatch, unsigned assumed
 ok=1 outsize=2402

Cmd: compileComputeKernel
  insize=18386 file=Assets/Projects/Vector Flow Field/Scripts/Third Pass/FluidSimulation.compute kernel=VisualizeVectorField ppOnly=0 stripLineD=0 buildPlatform=19 km=<UNITY_VERSION=202238> pKW=UNITY_ENABLE_REFLECTION_BUFFERS UNITY_USE_DITHER_MASK_FOR_ALPHABLENDED_SHADOWS UNITY_PBS_USE_BRDF1 UNITY_SPECCUBE_BOX_PROJECTION UNITY_SPECCUBE_BLENDING UNITY_ENABLE_DETAIL_NORMALMAP SHADER_API_DESKTOP UNITY_COLORSPACE_GAMMA UNITY_LIGHT_PROBE_PROXY_VOLUME UNITY_LIGHTMAP_FULL_HDR uKW=SHADER_STAGE_COMPUTE platform=d3d11 flags=0 reqs=16385 forceDXC=0 forceFXC=0 ok=1 outsize=1708

Cmd: compileComputeKernel
  insize=18386 file=Assets/Projects/Vector Flow Field/Scripts/Third Pass/FluidSimulation.compute kernel=ApplySourcesAndSinks ppOnly=0 stripLineD=0 buildPlatform=19 km=<UNITY_VERSION=202238> pKW=UNITY_ENABLE_REFLECTION_BUFFERS UNITY_USE_DITHER_MASK_FOR_ALPHABLENDED_SHADOWS UNITY_PBS_USE_BRDF1 UNITY_SPECCUBE_BOX_PROJECTION UNITY_SPECCUBE_BLENDING UNITY_ENABLE_DETAIL_NORMALMAP SHADER_API_DESKTOP UNITY_COLORSPACE_GAMMA UNITY_LIGHT_PROBE_PROXY_VOLUME UNITY_LIGHTMAP_FULL_HDR uKW=SHADER_STAGE_COMPUTE platform=d3d11 flags=0 reqs=16385 forceDXC=0 forceFXC=0 ok=1 outsize=1291

Cmd: compileComputeKernel
  insize=18386 file=Assets/Projects/Vector Flow Field/Scripts/Third Pass/FluidSimulation.compute kernel=ApplyBoundaries ppOnly=0 stripLineD=0 buildPlatform=19 km=<UNITY_VERSION=202238> pKW=UNITY_ENABLE_REFLECTION_BUFFERS UNITY_USE_DITHER_MASK_FOR_ALPHABLENDED_SHADOWS UNITY_PBS_USE_BRDF1 UNITY_SPECCUBE_BOX_PROJECTION UNITY_SPECCUBE_BLENDING UNITY_ENABLE_DETAIL_NORMALMAP SHADER_API_DESKTOP UNITY_COLORSPACE_GAMMA UNITY_LIGHT_PROBE_PROXY_VOLUME UNITY_LIGHTMAP_FULL_HDR uKW=SHADER_STAGE_COMPUTE platform=d3d11 flags=0 reqs=16385 forceDXC=0 forceFXC=0 ok=1 outsize=3875

Cmd: compileComputeKernel
  insize=18386 file=Assets/Projects/Vector Flow Field/Scripts/Third Pass/FluidSimulation.compute kernel=PressureGradient ppOnly=0 stripLineD=0 buildPlatform=19 km=<UNITY_VERSION=202238> pKW=UNITY_ENABLE_REFLECTION_BUFFERS UNITY_USE_DITHER_MASK_FOR_ALPHABLENDED_SHADOWS UNITY_PBS_USE_BRDF1 UNITY_SPECCUBE_BOX_PROJECTION UNITY_SPECCUBE_BLENDING UNITY_ENABLE_DETAIL_NORMALMAP SHADER_API_DESKTOP UNITY_COLORSPACE_GAMMA UNITY_LIGHT_PROBE_PROXY_VOLUME UNITY_LIGHTMAP_FULL_HDR uKW=SHADER_STAGE_COMPUTE platform=d3d11 flags=0 reqs=16385 forceDXC=0 forceFXC=0 ok=1 outsize=7822

Cmd: compileComputeKernel
  insize=18386 file=Assets/Projects/Vector Flow Field/Scripts/Third Pass/FluidSimulation.compute kernel=PressureSolveMulti ppOnly=0 stripLineD=0 buildPlatform=19 km=<UNITY_VERSION=202238> pKW=UNITY_ENABLE_REFLECTION_BUFFERS UNITY_USE_DITHER_MASK_FOR_ALPHABLENDED_SHADOWS UNITY_PBS_USE_BRDF1 UNITY_SPECCUBE_BOX_PROJECTION UNITY_SPECCUBE_BLENDING UNITY_ENABLE_DETAIL_NORMALMAP SHADER_API_DESKTOP UNITY_COLORSPACE_GAMMA UNITY_LIGHT_PROBE_PROXY_VOLUME UNITY_LIGHTMAP_FULL_HDR uKW=SHADER_STAGE_COMPUTE platform=d3d11 flags=0 reqs=16385 forceDXC=0 forceFXC=0 ok=1 outsize=2677

Cmd: compileComputeKernel
  insize=18386 file=Assets/Projects/Vector Flow Field/Scripts/Third Pass/FluidSimulation.compute kernel=PressureSolve ppOnly=0 stripLineD=0 buildPlatform=19 km=<UNITY_VERSION=202238> pKW=UNITY_ENABLE_REFLECTION_BUFFERS UNITY_USE_DITHER_MASK_FOR_ALPHABLENDED_SHADOWS UNITY_PBS_USE_BRDF1 UNITY_SPECCUBE_BOX_PROJECTION UNITY_SPECCUBE_BLENDING UNITY_ENABLE_DETAIL_NORMALMAP SHADER_API_DESKTOP UNITY_COLORSPACE_GAMMA UNITY_LIGHT_PROBE_PROXY_VOLUME UNITY_LIGHTMAP_FULL_HDR uKW=SHADER_STAGE_COMPUTE platform=d3d11 flags=0 reqs=16385 forceDXC=0 forceFXC=0 ok=1 outsize=2013

Cmd: compileComputeKernel
  insize=18386 file=Assets/Projects/Vector Flow Field/Scripts/Third Pass/FluidSimulation.compute kernel=Divergence ppOnly=0 stripLineD=0 buildPlatform=19 km=<UNITY_VERSION=202238> pKW=UNITY_ENABLE_REFLECTION_BUFFERS UNITY_USE_DITHER_MASK_FOR_ALPHABLENDED_SHADOWS UNITY_PBS_USE_BRDF1 UNITY_SPECCUBE_BOX_PROJECTION UNITY_SPECCUBE_BLENDING UNITY_ENABLE_DETAIL_NORMALMAP SHADER_API_DESKTOP UNITY_COLORSPACE_GAMMA UNITY_LIGHT_PROBE_PROXY_VOLUME UNITY_LIGHTMAP_FULL_HDR uKW=SHADER_STAGE_COMPUTE platform=d3d11 flags=0 reqs=16385 forceDXC=0 forceFXC=0 ok=1 outsize=1894

Cmd: compileComputeKernel
  insize=18386 file=Assets/Projects/Vector Flow Field/Scripts/Third Pass/FluidSimulation.compute kernel=Advection ppOnly=0 stripLineD=0 buildPlatform=19 km=<UNITY_VERSION=202238> pKW=UNITY_ENABLE_REFLECTION_BUFFERS UNITY_USE_DITHER_MASK_FOR_ALPHABLENDED_SHADOWS UNITY_PBS_USE_BRDF1 UNITY_SPECCUBE_BOX_PROJECTION UNITY_SPECCUBE_BLENDING UNITY_ENABLE_DETAIL_NORMALMAP SHADER_API_DESKTOP UNITY_COLORSPACE_GAMMA UNITY_LIGHT_PROBE_PROXY_VOLUME UNITY_LIGHTMAP_FULL_HDR uKW=SHADER_STAGE_COMPUTE platform=d3d11 flags=0 reqs=16385 forceDXC=0 forceFXC=0 ok=1 outsize=2402

Cmd: compileComputeKernel
  insize=20200 file=Assets/Projects/Vector Flow Field/Scripts/Third Pass/FluidSimulation.compute kernel=VisualizeVectorField ppOnly=0 stripLineD=0 buildPlatform=19 km=<UNITY_VERSION=202238> pKW=UNITY_ENABLE_REFLECTION_BUFFERS UNITY_USE_DITHER_MASK_FOR_ALPHABLENDED_SHADOWS UNITY_PBS_USE_BRDF1 UNITY_SPECCUBE_BOX_PROJECTION UNITY_SPECCUBE_BLENDING UNITY_ENABLE_DETAIL_NORMALMAP SHADER_API_DESKTOP UNITY_COLORSPACE_GAMMA UNITY_LIGHT_PROBE_PROXY_VOLUME UNITY_LIGHTMAP_FULL_HDR uKW=SHADER_STAGE_COMPUTE platform=d3d11 flags=0 reqs=16385 forceDXC=0 forceFXC=0  error: 2 plat 4 at FluidSimulation.compute(468): redefinition of 'PressureGradient'
 ok=0 outsize=0

Cmd: compileComputeKernel
  insize=20200 file=Assets/Projects/Vector Flow Field/Scripts/Third Pass/FluidSimulation.compute kernel=ApplySourcesAndSinks ppOnly=0 stripLineD=0 buildPlatform=19 km=<UNITY_VERSION=202238> pKW=UNITY_ENABLE_REFLECTION_BUFFERS UNITY_USE_DITHER_MASK_FOR_ALPHABLENDED_SHADOWS UNITY_PBS_USE_BRDF1 UNITY_SPECCUBE_BOX_PROJECTION UNITY_SPECCUBE_BLENDING UNITY_ENABLE_DETAIL_NORMALMAP SHADER_API_DESKTOP UNITY_COLORSPACE_GAMMA UNITY_LIGHT_PROBE_PROXY_VOLUME UNITY_LIGHTMAP_FULL_HDR uKW=SHADER_STAGE_COMPUTE platform=d3d11 flags=0 reqs=16385 forceDXC=0 forceFXC=0  error: 2 plat 4 at FluidSimulation.compute(468): redefinition of 'PressureGradient'
 ok=0 outsize=0

Cmd: compileComputeKernel
  insize=20200 file=Assets/Projects/Vector Flow Field/Scripts/Third Pass/FluidSimulation.compute kernel=ApplyBoundaries ppOnly=0 stripLineD=0 buildPlatform=19 km=<UNITY_VERSION=202238> pKW=UNITY_ENABLE_REFLECTION_BUFFERS UNITY_USE_DITHER_MASK_FOR_ALPHABLENDED_SHADOWS UNITY_PBS_USE_BRDF1 UNITY_SPECCUBE_BOX_PROJECTION UNITY_SPECCUBE_BLENDING UNITY_ENABLE_DETAIL_NORMALMAP SHADER_API_DESKTOP UNITY_COLORSPACE_GAMMA UNITY_LIGHT_PROBE_PROXY_VOLUME UNITY_LIGHTMAP_FULL_HDR uKW=SHADER_STAGE_COMPUTE platform=d3d11 flags=0 reqs=16385 forceDXC=0 forceFXC=0  error: 2 plat 4 at FluidSimulation.compute(468): redefinition of 'PressureGradient'
 ok=0 outsize=0

Cmd: compileComputeKernel
  insize=20200 file=Assets/Projects/Vector Flow Field/Scripts/Third Pass/FluidSimulation.compute kernel=PressureGradient ppOnly=0 stripLineD=0 buildPlatform=19 km=<UNITY_VERSION=202238> pKW=UNITY_ENABLE_REFLECTION_BUFFERS UNITY_USE_DITHER_MASK_FOR_ALPHABLENDED_SHADOWS UNITY_PBS_USE_BRDF1 UNITY_SPECCUBE_BOX_PROJECTION UNITY_SPECCUBE_BLENDING UNITY_ENABLE_DETAIL_NORMALMAP SHADER_API_DESKTOP UNITY_COLORSPACE_GAMMA UNITY_LIGHT_PROBE_PROXY_VOLUME UNITY_LIGHTMAP_FULL_HDR uKW=SHADER_STAGE_COMPUTE platform=d3d11 flags=0 reqs=16385 forceDXC=0 forceFXC=0  error: 2 plat 4 at FluidSimulation.compute(468): redefinition of 'PressureGradient'
 ok=0 outsize=0

Cmd: compileComputeKernel
  insize=20200 file=Assets/Projects/Vector Flow Field/Scripts/Third Pass/FluidSimulation.compute kernel=PressureSolveMulti ppOnly=0 stripLineD=0 buildPlatform=19 km=<UNITY_VERSION=202238> pKW=UNITY_ENABLE_REFLECTION_BUFFERS UNITY_USE_DITHER_MASK_FOR_ALPHABLENDED_SHADOWS UNITY_PBS_USE_BRDF1 UNITY_SPECCUBE_BOX_PROJECTION UNITY_SPECCUBE_BLENDING UNITY_ENABLE_DETAIL_NORMALMAP SHADER_API_DESKTOP UNITY_COLORSPACE_GAMMA UNITY_LIGHT_PROBE_PROXY_VOLUME UNITY_LIGHTMAP_FULL_HDR uKW=SHADER_STAGE_COMPUTE platform=d3d11 flags=0 reqs=16385 forceDXC=0 forceFXC=0  error: 2 plat 4 at FluidSimulation.compute(468): redefinition of 'PressureGradient'
 ok=0 outsize=0

Cmd: compileComputeKernel
  insize=20200 file=Assets/Projects/Vector Flow Field/Scripts/Third Pass/FluidSimulation.compute kernel=PressureSolve ppOnly=0 stripLineD=0 buildPlatform=19 km=<UNITY_VERSION=202238> pKW=UNITY_ENABLE_REFLECTION_BUFFERS UNITY_USE_DITHER_MASK_FOR_ALPHABLENDED_SHADOWS UNITY_PBS_USE_BRDF1 UNITY_SPECCUBE_BOX_PROJECTION UNITY_SPECCUBE_BLENDING UNITY_ENABLE_DETAIL_NORMALMAP SHADER_API_DESKTOP UNITY_COLORSPACE_GAMMA UNITY_LIGHT_PROBE_PROXY_VOLUME UNITY_LIGHTMAP_FULL_HDR uKW=SHADER_STAGE_COMPUTE platform=d3d11 flags=0 reqs=16385 forceDXC=0 forceFXC=0  error: 2 plat 4 at FluidSimulation.compute(468): redefinition of 'PressureGradient'
 ok=0 outsize=0

Cmd: compileComputeKernel
  insize=20200 file=Assets/Projects/Vector Flow Field/Scripts/Third Pass/FluidSimulation.compute kernel=Divergence ppOnly=0 stripLineD=0 buildPlatform=19 km=<UNITY_VERSION=202238> pKW=UNITY_ENABLE_REFLECTION_BUFFERS UNITY_USE_DITHER_MASK_FOR_ALPHABLENDED_SHADOWS UNITY_PBS_USE_BRDF1 UNITY_SPECCUBE_BOX_PROJECTION UNITY_SPECCUBE_BLENDING UNITY_ENABLE_DETAIL_NORMALMAP SHADER_API_DESKTOP UNITY_COLORSPACE_GAMMA UNITY_LIGHT_PROBE_PROXY_VOLUME UNITY_LIGHTMAP_FULL_HDR uKW=SHADER_STAGE_COMPUTE platform=d3d11 flags=0 reqs=16385 forceDXC=0 forceFXC=0  error: 2 plat 4 at FluidSimulation.compute(468): redefinition of 'PressureGradient'
 ok=0 outsize=0

Cmd: compileComputeKernel
  insize=20200 file=Assets/Projects/Vector Flow Field/Scripts/Third Pass/FluidSimulation.compute kernel=Advection ppOnly=0 stripLineD=0 buildPlatform=19 km=<UNITY_VERSION=202238> pKW=UNITY_ENABLE_REFLECTION_BUFFERS UNITY_USE_DITHER_MASK_FOR_ALPHABLENDED_SHADOWS UNITY_PBS_USE_BRDF1 UNITY_SPECCUBE_BOX_PROJECTION UNITY_SPECCUBE_BLENDING UNITY_ENABLE_DETAIL_NORMALMAP SHADER_API_DESKTOP UNITY_COLORSPACE_GAMMA UNITY_LIGHT_PROBE_PROXY_VOLUME UNITY_LIGHTMAP_FULL_HDR uKW=SHADER_STAGE_COMPUTE platform=d3d11 flags=0 reqs=16385 forceDXC=0 forceFXC=0  error: 2 plat 4 at FluidSimulation.compute(468): redefinition of 'PressureGradient'
 ok=0 outsize=0

Cmd: compileComputeKernel
  insize=17802 file=Assets/Projects/Vector Flow Field/Scripts/Third Pass/FluidSimulation.compute kernel=VisualizeVectorField ppOnly=0 stripLineD=0 buildPlatform=19 km=<UNITY_VERSION=202238> pKW=UNITY_ENABLE_REFLECTION_BUFFERS UNITY_USE_DITHER_MASK_FOR_ALPHABLENDED_SHADOWS UNITY_PBS_USE_BRDF1 UNITY_SPECCUBE_BOX_PROJECTION UNITY_SPECCUBE_BLENDING UNITY_ENABLE_DETAIL_NORMALMAP SHADER_API_DESKTOP UNITY_COLORSPACE_GAMMA UNITY_LIGHT_PROBE_PROXY_VOLUME UNITY_LIGHTMAP_FULL_HDR uKW=SHADER_STAGE_COMPUTE platform=d3d11 flags=0 reqs=16385 forceDXC=0 forceFXC=0 ok=1 outsize=1708

Cmd: compileComputeKernel
  insize=17802 file=Assets/Projects/Vector Flow Field/Scripts/Third Pass/FluidSimulation.compute kernel=ApplySourcesAndSinks ppOnly=0 stripLineD=0 buildPlatform=19 km=<UNITY_VERSION=202238> pKW=UNITY_ENABLE_REFLECTION_BUFFERS UNITY_USE_DITHER_MASK_FOR_ALPHABLENDED_SHADOWS UNITY_PBS_USE_BRDF1 UNITY_SPECCUBE_BOX_PROJECTION UNITY_SPECCUBE_BLENDING UNITY_ENABLE_DETAIL_NORMALMAP SHADER_API_DESKTOP UNITY_COLORSPACE_GAMMA UNITY_LIGHT_PROBE_PROXY_VOLUME UNITY_LIGHTMAP_FULL_HDR uKW=SHADER_STAGE_COMPUTE platform=d3d11 flags=0 reqs=16385 forceDXC=0 forceFXC=0 ok=1 outsize=4733

Cmd: compileComputeKernel
  insize=17802 file=Assets/Projects/Vector Flow Field/Scripts/Third Pass/FluidSimulation.compute kernel=ApplyBoundaries ppOnly=0 stripLineD=0 buildPlatform=19 km=<UNITY_VERSION=202238> pKW=UNITY_ENABLE_REFLECTION_BUFFERS UNITY_USE_DITHER_MASK_FOR_ALPHABLENDED_SHADOWS UNITY_PBS_USE_BRDF1 UNITY_SPECCUBE_BOX_PROJECTION UNITY_SPECCUBE_BLENDING UNITY_ENABLE_DETAIL_NORMALMAP SHADER_API_DESKTOP UNITY_COLORSPACE_GAMMA UNITY_LIGHT_PROBE_PROXY_VOLUME UNITY_LIGHTMAP_FULL_HDR uKW=SHADER_STAGE_COMPUTE platform=d3d11 flags=0 reqs=16385 forceDXC=0 forceFXC=0 ok=1 outsize=3875

Cmd: compileComputeKernel
  insize=17802 file=Assets/Projects/Vector Flow Field/Scripts/Third Pass/FluidSimulation.compute kernel=PressureGradient ppOnly=0 stripLineD=0 buildPlatform=19 km=<UNITY_VERSION=202238> pKW=UNITY_ENABLE_REFLECTION_BUFFERS UNITY_USE_DITHER_MASK_FOR_ALPHABLENDED_SHADOWS UNITY_PBS_USE_BRDF1 UNITY_SPECCUBE_BOX_PROJECTION UNITY_SPECCUBE_BLENDING UNITY_ENABLE_DETAIL_NORMALMAP SHADER_API_DESKTOP UNITY_COLORSPACE_GAMMA UNITY_LIGHT_PROBE_PROXY_VOLUME UNITY_LIGHTMAP_FULL_HDR uKW=SHADER_STAGE_COMPUTE platform=d3d11 flags=0 reqs=16385 forceDXC=0 forceFXC=0 ok=1 outsize=1986

Cmd: compileComputeKernel
  insize=17802 file=Assets/Projects/Vector Flow Field/Scripts/Third Pass/FluidSimulation.compute kernel=PressureSolveMulti ppOnly=0 stripLineD=0 buildPlatform=19 km=<UNITY_VERSION=202238> pKW=UNITY_ENABLE_REFLECTION_BUFFERS UNITY_USE_DITHER_MASK_FOR_ALPHABLENDED_SHADOWS UNITY_PBS_USE_BRDF1 UNITY_SPECCUBE_BOX_PROJECTION UNITY_SPECCUBE_BLENDING UNITY_ENABLE_DETAIL_NORMALMAP SHADER_API_DESKTOP UNITY_COLORSPACE_GAMMA UNITY_LIGHT_PROBE_PROXY_VOLUME UNITY_LIGHTMAP_FULL_HDR uKW=SHADER_STAGE_COMPUTE platform=d3d11 flags=0 reqs=16385 forceDXC=0 forceFXC=0 ok=1 outsize=2677

Cmd: compileComputeKernel
  insize=17802 file=Assets/Projects/Vector Flow Field/Scripts/Third Pass/FluidSimulation.compute kernel=PressureSolve ppOnly=0 stripLineD=0 buildPlatform=19 km=<UNITY_VERSION=202238> pKW=UNITY_ENABLE_REFLECTION_BUFFERS UNITY_USE_DITHER_MASK_FOR_ALPHABLENDED_SHADOWS UNITY_PBS_USE_BRDF1 UNITY_SPECCUBE_BOX_PROJECTION UNITY_SPECCUBE_BLENDING UNITY_ENABLE_DETAIL_NORMALMAP SHADER_API_DESKTOP UNITY_COLORSPACE_GAMMA UNITY_LIGHT_PROBE_PROXY_VOLUME UNITY_LIGHTMAP_FULL_HDR uKW=SHADER_STAGE_COMPUTE platform=d3d11 flags=0 reqs=16385 forceDXC=0 forceFXC=0 ok=1 outsize=2013

Cmd: compileComputeKernel
  insize=17802 file=Assets/Projects/Vector Flow Field/Scripts/Third Pass/FluidSimulation.compute kernel=Divergence ppOnly=0 stripLineD=0 buildPlatform=19 km=<UNITY_VERSION=202238> pKW=UNITY_ENABLE_REFLECTION_BUFFERS UNITY_USE_DITHER_MASK_FOR_ALPHABLENDED_SHADOWS UNITY_PBS_USE_BRDF1 UNITY_SPECCUBE_BOX_PROJECTION UNITY_SPECCUBE_BLENDING UNITY_ENABLE_DETAIL_NORMALMAP SHADER_API_DESKTOP UNITY_COLORSPACE_GAMMA UNITY_LIGHT_PROBE_PROXY_VOLUME UNITY_LIGHTMAP_FULL_HDR uKW=SHADER_STAGE_COMPUTE platform=d3d11 flags=0 reqs=16385 forceDXC=0 forceFXC=0 ok=1 outsize=1894

Cmd: compileComputeKernel
  insize=17802 file=Assets/Projects/Vector Flow Field/Scripts/Third Pass/FluidSimulation.compute kernel=Advection ppOnly=0 stripLineD=0 buildPlatform=19 km=<UNITY_VERSION=202238> pKW=UNITY_ENABLE_REFLECTION_BUFFERS UNITY_USE_DITHER_MASK_FOR_ALPHABLENDED_SHADOWS UNITY_PBS_USE_BRDF1 UNITY_SPECCUBE_BOX_PROJECTION UNITY_SPECCUBE_BLENDING UNITY_ENABLE_DETAIL_NORMALMAP SHADER_API_DESKTOP UNITY_COLORSPACE_GAMMA UNITY_LIGHT_PROBE_PROXY_VOLUME UNITY_LIGHTMAP_FULL_HDR uKW=SHADER_STAGE_COMPUTE platform=d3d11 flags=0 reqs=16385 forceDXC=0 forceFXC=0 ok=1 outsize=2402

Cmd: compileComputeKernel
  insize=404 file=Assets/Projects/Vector Flow Field/Scripts/Fourth Pass/BoundsCalculator.compute kernel=CSMain ppOnly=0 stripLineD=0 buildPlatform=19 km=<UNITY_VERSION=202238> pKW=UNITY_ENABLE_REFLECTION_BUFFERS UNITY_USE_DITHER_MASK_FOR_ALPHABLENDED_SHADOWS UNITY_PBS_USE_BRDF1 UNITY_SPECCUBE_BOX_PROJECTION UNITY_SPECCUBE_BLENDING UNITY_ENABLE_DETAIL_NORMALMAP SHADER_API_DESKTOP UNITY_COLORSPACE_GAMMA UNITY_LIGHT_PROBE_PROXY_VOLUME UNITY_LIGHTMAP_FULL_HDR uKW=SHADER_STAGE_COMPUTE platform=d3d11 flags=0 reqs=16385 forceDXC=0 forceFXC=0 ok=1 outsize=481

Cmd: compileComputeKernel
  insize=487 file=Assets/Projects/Vector Flow Field/Scripts/Fourth Pass/BoundsCalculator.compute kernel=CSMain ppOnly=0 stripLineD=0 buildPlatform=19 km=<UNITY_VERSION=202238> pKW=UNITY_ENABLE_REFLECTION_BUFFERS UNITY_USE_DITHER_MASK_FOR_ALPHABLENDED_SHADOWS UNITY_PBS_USE_BRDF1 UNITY_SPECCUBE_BOX_PROJECTION UNITY_SPECCUBE_BLENDING UNITY_ENABLE_DETAIL_NORMALMAP SHADER_API_DESKTOP UNITY_COLORSPACE_GAMMA UNITY_LIGHT_PROBE_PROXY_VOLUME UNITY_LIGHTMAP_FULL_HDR uKW=SHADER_STAGE_COMPUTE platform=d3d11 flags=0 reqs=16385 forceDXC=0 forceFXC=0  error: 2 plat 4 at BoundsCalculator.compute(23): syntax error: unexpected token ')'
  error: 2 plat 4 at BoundsCalculator.compute(23): syntax error: unexpected token ';'
 ok=0 outsize=0

Cmd: compileComputeKernel
  insize=2163 file=Assets/Projects/Vector Flow Field/Scripts/Fourth Pass/BoundsCalculator.compute kernel=CSMain ppOnly=0 stripLineD=0 buildPlatform=19 km=<UNITY_VERSION=202238> pKW=UNITY_ENABLE_REFLECTION_BUFFERS UNITY_USE_DITHER_MASK_FOR_ALPHABLENDED_SHADOWS UNITY_PBS_USE_BRDF1 UNITY_SPECCUBE_BOX_PROJECTION UNITY_SPECCUBE_BLENDING UNITY_ENABLE_DETAIL_NORMALMAP SHADER_API_DESKTOP UNITY_COLORSPACE_GAMMA UNITY_LIGHT_PROBE_PROXY_VOLUME UNITY_LIGHTMAP_FULL_HDR uKW=SHADER_STAGE_COMPUTE platform=d3d11 flags=0 reqs=16385 forceDXC=0 forceFXC=0  error: 2 plat 4 at (0): Did not find shader kernel 'CSMain' to compile
 ok=0 outsize=0

Cmd: compileComputeKernel
  insize=404 file=Assets/Projects/Vector Flow Field/Scripts/Fourth Pass/VFFCalculator.compute kernel=CSMain ppOnly=0 stripLineD=0 buildPlatform=19 km=<UNITY_VERSION=202238> pKW=UNITY_ENABLE_REFLECTION_BUFFERS UNITY_USE_DITHER_MASK_FOR_ALPHABLENDED_SHADOWS UNITY_PBS_USE_BRDF1 UNITY_SPECCUBE_BOX_PROJECTION UNITY_SPECCUBE_BLENDING UNITY_ENABLE_DETAIL_NORMALMAP SHADER_API_DESKTOP UNITY_COLORSPACE_GAMMA UNITY_LIGHT_PROBE_PROXY_VOLUME UNITY_LIGHTMAP_FULL_HDR uKW=SHADER_STAGE_COMPUTE platform=d3d11 flags=0 reqs=16385 forceDXC=0 forceFXC=0 ok=1 outsize=481

Cmd: compileComputeKernel
  insize=2172 file=Assets/Projects/Vector Flow Field/Scripts/Fourth Pass/BoundsCalculator.compute kernel=GenerateTexture ppOnly=0 stripLineD=0 buildPlatform=19 km=<UNITY_VERSION=202238> pKW=UNITY_ENABLE_REFLECTION_BUFFERS UNITY_USE_DITHER_MASK_FOR_ALPHABLENDED_SHADOWS UNITY_PBS_USE_BRDF1 UNITY_SPECCUBE_BOX_PROJECTION UNITY_SPECCUBE_BLENDING UNITY_ENABLE_DETAIL_NORMALMAP SHADER_API_DESKTOP UNITY_COLORSPACE_GAMMA UNITY_LIGHT_PROBE_PROXY_VOLUME UNITY_LIGHTMAP_FULL_HDR uKW=SHADER_STAGE_COMPUTE platform=d3d11 flags=0 reqs=16385 forceDXC=0 forceFXC=0 ok=1 outsize=2326

Cmd: compileComputeKernel
  insize=17967 file=Assets/Projects/Vector Flow Field/Scripts/Fourth Pass/VFFCalculator.compute kernel=Visualization ppOnly=0 stripLineD=0 buildPlatform=19 km=<;=1>,<UNITY_VERSION=202238> pKW=UNITY_ENABLE_REFLECTION_BUFFERS UNITY_USE_DITHER_MASK_FOR_ALPHABLENDED_SHADOWS UNITY_PBS_USE_BRDF1 UNITY_SPECCUBE_BOX_PROJECTION UNITY_SPECCUBE_BLENDING UNITY_ENABLE_DETAIL_NORMALMAP SHADER_API_DESKTOP UNITY_COLORSPACE_GAMMA UNITY_LIGHT_PROBE_PROXY_VOLUME UNITY_LIGHTMAP_FULL_HDR uKW=SHADER_STAGE_COMPUTE platform=d3d11 flags=0 reqs=16385 forceDXC=0 forceFXC=0  error: 2 plat 4 at VFFCalculator.compute(116): syntax error: unexpected token 'texture'
  error: 2 plat 4 at VFFCalculator.compute(119): syntax error: unexpected token '.'
  error: 2 plat 4 at VFFCalculator.compute(121): undeclared identifier 'position'
 ok=0 outsize=0

Cmd: compileComputeKernel
  insize=17967 file=Assets/Projects/Vector Flow Field/Scripts/Fourth Pass/VFFCalculator.compute kernel=PressureSolve ppOnly=0 stripLineD=0 buildPlatform=19 km=<;=1>,<UNITY_VERSION=202238> pKW=UNITY_ENABLE_REFLECTION_BUFFERS UNITY_USE_DITHER_MASK_FOR_ALPHABLENDED_SHADOWS UNITY_PBS_USE_BRDF1 UNITY_SPECCUBE_BOX_PROJECTION UNITY_SPECCUBE_BLENDING UNITY_ENABLE_DETAIL_NORMALMAP SHADER_API_DESKTOP UNITY_COLORSPACE_GAMMA UNITY_LIGHT_PROBE_PROXY_VOLUME UNITY_LIGHTMAP_FULL_HDR uKW=SHADER_STAGE_COMPUTE platform=d3d11 flags=0 reqs=16385 forceDXC=0 forceFXC=0  error: 2 plat 4 at VFFCalculator.compute(116): syntax error: unexpected token 'texture'
  error: 2 plat 4 at VFFCalculator.compute(119): syntax error: unexpected token '.'
  error: 2 plat 4 at VFFCalculator.compute(121): undeclared identifier 'position'
 ok=0 outsize=0

Cmd: compileComputeKernel
  insize=17967 file=Assets/Projects/Vector Flow Field/Scripts/Fourth Pass/VFFCalculator.compute kernel=PressureDelta ppOnly=0 stripLineD=0 buildPlatform=19 km=<;=1>,<UNITY_VERSION=202238> pKW=UNITY_ENABLE_REFLECTION_BUFFERS UNITY_USE_DITHER_MASK_FOR_ALPHABLENDED_SHADOWS UNITY_PBS_USE_BRDF1 UNITY_SPECCUBE_BOX_PROJECTION UNITY_SPECCUBE_BLENDING UNITY_ENABLE_DETAIL_NORMALMAP SHADER_API_DESKTOP UNITY_COLORSPACE_GAMMA UNITY_LIGHT_PROBE_PROXY_VOLUME UNITY_LIGHTMAP_FULL_HDR uKW=SHADER_STAGE_COMPUTE platform=d3d11 flags=0 reqs=16385 forceDXC=0 forceFXC=0  error: 2 plat 4 at VFFCalculator.compute(116): syntax error: unexpected token 'texture'
  error: 2 plat 4 at VFFCalculator.compute(119): syntax error: unexpected token '.'
  error: 2 plat 4 at VFFCalculator.compute(121): undeclared identifier 'position'
 ok=0 outsize=0

Cmd: compileComputeKernel
  insize=17967 file=Assets/Projects/Vector Flow Field/Scripts/Fourth Pass/VFFCalculator.compute kernel=Divergence ppOnly=0 stripLineD=0 buildPlatform=19 km=<;=1>,<UNITY_VERSION=202238> pKW=UNITY_ENABLE_REFLECTION_BUFFERS UNITY_USE_DITHER_MASK_FOR_ALPHABLENDED_SHADOWS UNITY_PBS_USE_BRDF1 UNITY_SPECCUBE_BOX_PROJECTION UNITY_SPECCUBE_BLENDING UNITY_ENABLE_DETAIL_NORMALMAP SHADER_API_DESKTOP UNITY_COLORSPACE_GAMMA UNITY_LIGHT_PROBE_PROXY_VOLUME UNITY_LIGHTMAP_FULL_HDR uKW=SHADER_STAGE_COMPUTE platform=d3d11 flags=0 reqs=16385 forceDXC=0 forceFXC=0  error: 2 plat 4 at VFFCalculator.compute(116): syntax error: unexpected token 'texture'
  error: 2 plat 4 at VFFCalculator.compute(119): syntax error: unexpected token '.'
  error: 2 plat 4 at VFFCalculator.compute(121): undeclared identifier 'position'
 ok=0 outsize=0

Cmd: compileComputeKernel
  insize=17967 file=Assets/Projects/Vector Flow Field/Scripts/Fourth Pass/VFFCalculator.compute kernel=Diffusion ppOnly=0 stripLineD=0 buildPlatform=19 km=<;=1>,<UNITY_VERSION=202238> pKW=UNITY_ENABLE_REFLECTION_BUFFERS UNITY_USE_DITHER_MASK_FOR_ALPHABLENDED_SHADOWS UNITY_PBS_USE_BRDF1 UNITY_SPECCUBE_BOX_PROJECTION UNITY_SPECCUBE_BLENDING UNITY_ENABLE_DETAIL_NORMALMAP SHADER_API_DESKTOP UNITY_COLORSPACE_GAMMA UNITY_LIGHT_PROBE_PROXY_VOLUME UNITY_LIGHTMAP_FULL_HDR uKW=SHADER_STAGE_COMPUTE platform=d3d11 flags=0 reqs=16385 forceDXC=0 forceFXC=0  error: 2 plat 4 at VFFCalculator.compute(116): syntax error: unexpected token 'texture'
  error: 2 plat 4 at VFFCalculator.compute(119): syntax error: unexpected token '.'
  error: 2 plat 4 at VFFCalculator.compute(121): undeclared identifier 'position'
 ok=0 outsize=0

Cmd: compileComputeKernel
  insize=17967 file=Assets/Projects/Vector Flow Field/Scripts/Fourth Pass/VFFCalculator.compute kernel=Advection ppOnly=0 stripLineD=0 buildPlatform=19 km=<;=1>,<UNITY_VERSION=202238> pKW=UNITY_ENABLE_REFLECTION_BUFFERS UNITY_USE_DITHER_MASK_FOR_ALPHABLENDED_SHADOWS UNITY_PBS_USE_BRDF1 UNITY_SPECCUBE_BOX_PROJECTION UNITY_SPECCUBE_BLENDING UNITY_ENABLE_DETAIL_NORMALMAP SHADER_API_DESKTOP UNITY_COLORSPACE_GAMMA UNITY_LIGHT_PROBE_PROXY_VOLUME UNITY_LIGHTMAP_FULL_HDR uKW=SHADER_STAGE_COMPUTE platform=d3d11 flags=0 reqs=16385 forceDXC=0 forceFXC=0  error: 2 plat 4 at VFFCalculator.compute(116): syntax error: unexpected token 'texture'
  error: 2 plat 4 at VFFCalculator.compute(119): syntax error: unexpected token '.'
  error: 2 plat 4 at VFFCalculator.compute(121): undeclared identifier 'position'
 ok=0 outsize=0

Cmd: compileComputeKernel
  insize=17212 file=Assets/Projects/Vector Flow Field/Scripts/Fourth Pass/VFFCalculator.compute kernel=Visualization ppOnly=0 stripLineD=0 buildPlatform=19 km=<;=1>,<UNITY_VERSION=202238> pKW=UNITY_ENABLE_REFLECTION_BUFFERS UNITY_USE_DITHER_MASK_FOR_ALPHABLENDED_SHADOWS UNITY_PBS_USE_BRDF1 UNITY_SPECCUBE_BOX_PROJECTION UNITY_SPECCUBE_BLENDING UNITY_ENABLE_DETAIL_NORMALMAP SHADER_API_DESKTOP UNITY_COLORSPACE_GAMMA UNITY_LIGHT_PROBE_PROXY_VOLUME UNITY_LIGHTMAP_FULL_HDR uKW=SHADER_STAGE_COMPUTE platform=d3d11 flags=0 reqs=16385 forceDXC=0 forceFXC=0 ok=1 outsize=2594

Cmd: compileComputeKernel
  insize=17212 file=Assets/Projects/Vector Flow Field/Scripts/Fourth Pass/VFFCalculator.compute kernel=PressureSolve ppOnly=0 stripLineD=0 buildPlatform=19 km=<;=1>,<UNITY_VERSION=202238> pKW=UNITY_ENABLE_REFLECTION_BUFFERS UNITY_USE_DITHER_MASK_FOR_ALPHABLENDED_SHADOWS UNITY_PBS_USE_BRDF1 UNITY_SPECCUBE_BOX_PROJECTION UNITY_SPECCUBE_BLENDING UNITY_ENABLE_DETAIL_NORMALMAP SHADER_API_DESKTOP UNITY_COLORSPACE_GAMMA UNITY_LIGHT_PROBE_PROXY_VOLUME UNITY_LIGHTMAP_FULL_HDR uKW=SHADER_STAGE_COMPUTE platform=d3d11 flags=0 reqs=16385 forceDXC=0 forceFXC=0 ok=1 outsize=2986

Cmd: compileComputeKernel
  insize=17212 file=Assets/Projects/Vector Flow Field/Scripts/Fourth Pass/VFFCalculator.compute kernel=PressureDelta ppOnly=0 stripLineD=0 buildPlatform=19 km=<;=1>,<UNITY_VERSION=202238> pKW=UNITY_ENABLE_REFLECTION_BUFFERS UNITY_USE_DITHER_MASK_FOR_ALPHABLENDED_SHADOWS UNITY_PBS_USE_BRDF1 UNITY_SPECCUBE_BOX_PROJECTION UNITY_SPECCUBE_BLENDING UNITY_ENABLE_DETAIL_NORMALMAP SHADER_API_DESKTOP UNITY_COLORSPACE_GAMMA UNITY_LIGHT_PROBE_PROXY_VOLUME UNITY_LIGHTMAP_FULL_HDR uKW=SHADER_STAGE_COMPUTE platform=d3d11 flags=0 reqs=16385 forceDXC=0 forceFXC=0 ok=1 outsize=2501

Cmd: compileComputeKernel
  insize=17212 file=Assets/Projects/Vector Flow Field/Scripts/Fourth Pass/VFFCalculator.compute kernel=Divergence ppOnly=0 stripLineD=0 buildPlatform=19 km=<;=1>,<UNITY_VERSION=202238> pKW=UNITY_ENABLE_REFLECTION_BUFFERS UNITY_USE_DITHER_MASK_FOR_ALPHABLENDED_SHADOWS UNITY_PBS_USE_BRDF1 UNITY_SPECCUBE_BOX_PROJECTION UNITY_SPECCUBE_BLENDING UNITY_ENABLE_DETAIL_NORMALMAP SHADER_API_DESKTOP UNITY_COLORSPACE_GAMMA UNITY_LIGHT_PROBE_PROXY_VOLUME UNITY_LIGHTMAP_FULL_HDR uKW=SHADER_STAGE_COMPUTE platform=d3d11 flags=0 reqs=16385 forceDXC=0 forceFXC=0 ok=1 outsize=2113

Cmd: compileComputeKernel
  insize=17212 file=Assets/Projects/Vector Flow Field/Scripts/Fourth Pass/VFFCalculator.compute kernel=Diffusion ppOnly=0 stripLineD=0 buildPlatform=19 km=<;=1>,<UNITY_VERSION=202238> pKW=UNITY_ENABLE_REFLECTION_BUFFERS UNITY_USE_DITHER_MASK_FOR_ALPHABLENDED_SHADOWS UNITY_PBS_USE_BRDF1 UNITY_SPECCUBE_BOX_PROJECTION UNITY_SPECCUBE_BLENDING UNITY_ENABLE_DETAIL_NORMALMAP SHADER_API_DESKTOP UNITY_COLORSPACE_GAMMA UNITY_LIGHT_PROBE_PROXY_VOLUME UNITY_LIGHTMAP_FULL_HDR uKW=SHADER_STAGE_COMPUTE platform=d3d11 flags=0 reqs=16385 forceDXC=0 forceFXC=0  error: 1 plat 4 at VFFCalculator.compute(214): integer modulus may be much slower, try using uints if possible.
  error: 1 plat 4 at VFFCalculator.compute(260): integer modulus may be much slower, try using uints if possible.
 ok=1 outsize=3634

Cmd: compileComputeKernel
  insize=17212 file=Assets/Projects/Vector Flow Field/Scripts/Fourth Pass/VFFCalculator.compute kernel=Advection ppOnly=0 stripLineD=0 buildPlatform=19 km=<;=1>,<UNITY_VERSION=202238> pKW=UNITY_ENABLE_REFLECTION_BUFFERS UNITY_USE_DITHER_MASK_FOR_ALPHABLENDED_SHADOWS UNITY_PBS_USE_BRDF1 UNITY_SPECCUBE_BOX_PROJECTION UNITY_SPECCUBE_BLENDING UNITY_ENABLE_DETAIL_NORMALMAP SHADER_API_DESKTOP UNITY_COLORSPACE_GAMMA UNITY_LIGHT_PROBE_PROXY_VOLUME UNITY_LIGHTMAP_FULL_HDR uKW=SHADER_STAGE_COMPUTE platform=d3d11 flags=0 reqs=16385 forceDXC=0 forceFXC=0 ok=1 outsize=2451

Cmd: shutdown
